1688981544.264222 client started (72212): version 3.2a, socket /tmp/tmux-1001/default, protocol 8
1688981544.264284 on Linux 5.19.0-46-generic #47~22.04.1-Ubuntu SMP PREEMPT_DYNAMIC Wed Jun 21 15:35:31 UTC 2
1688981544.264298 using libevent 2.1.12-stable (poll); ncurses 6.3
1688981544.264332 flags are 0x10010000
1688981544.264341 socket is /tmp/tmux-1001/default
1688981544.264364 trying connect
1688981544.264503 add peer 0x55c06f4b76b0: 6 ((nil))
1688981544.265217 sending message 100 to peer 0x55c06f4b76b0 (4 bytes)
1688981544.265239 sending message 111 to peer 0x55c06f4b76b0 (8 bytes)
1688981544.265250 sending message 101 to peer 0x55c06f4b76b0 (15 bytes)
1688981544.265259 sending message 109 to peer 0x55c06f4b76b0 (4 bytes)
1688981544.265269 sending message 102 to peer 0x55c06f4b76b0 (11 bytes)
1688981544.265278 sending message 108 to peer 0x55c06f4b76b0 (42 bytes)
1688981544.265288 sending message 112 to peer 0x55c06f4b76b0 (58 bytes)
1688981544.265298 sending message 112 to peer 0x55c06f4b76b0 (5 bytes)
1688981544.265306 sending message 112 to peer 0x55c06f4b76b0 (5 bytes)
1688981544.265315 sending message 112 to peer 0x55c06f4b76b0 (6 bytes)
1688981544.265324 sending message 112 to peer 0x55c06f4b76b0 (6 bytes)
1688981544.265333 sending message 112 to peer 0x55c06f4b76b0 (11 bytes)
1688981544.265343 sending message 112 to peer 0x55c06f4b76b0 (10 bytes)
1688981544.265352 sending message 112 to peer 0x55c06f4b76b0 (13 bytes)
1688981544.265361 sending message 112 to peer 0x55c06f4b76b0 (14 bytes)
1688981544.265370 sending message 112 to peer 0x55c06f4b76b0 (19 bytes)
1688981544.265379 sending message 112 to peer 0x55c06f4b76b0 (11 bytes)
1688981544.265387 sending message 112 to peer 0x55c06f4b76b0 (10 bytes)
1688981544.265398 sending message 112 to peer 0x55c06f4b76b0 (15 bytes)
1688981544.265413 sending message 112 to peer 0x55c06f4b76b0 (21 bytes)
1688981544.265427 sending message 112 to peer 0x55c06f4b76b0 (13 bytes)
1688981544.265441 sending message 112 to peer 0x55c06f4b76b0 (7 bytes)
1688981544.265455 sending message 112 to peer 0x55c06f4b76b0 (13 bytes)
1688981544.265469 sending message 112 to peer 0x55c06f4b76b0 (7 bytes)
1688981544.265485 sending message 112 to peer 0x55c06f4b76b0 (13 bytes)
1688981544.265501 sending message 112 to peer 0x55c06f4b76b0 (9 bytes)
1688981544.265517 sending message 112 to peer 0x55c06f4b76b0 (21 bytes)
1688981544.265530 sending message 112 to peer 0x55c06f4b76b0 (13 bytes)
1688981544.265539 sending message 112 to peer 0x55c06f4b76b0 (9 bytes)
1688981544.265547 sending message 112 to peer 0x55c06f4b76b0 (16 bytes)
1688981544.265557 sending message 112 to peer 0x55c06f4b76b0 (13 bytes)
1688981544.265566 sending message 112 to peer 0x55c06f4b76b0 (9 bytes)
1688981544.265574 sending message 112 to peer 0x55c06f4b76b0 (9 bytes)
1688981544.265583 sending message 112 to peer 0x55c06f4b76b0 (12 bytes)
1688981544.265591 sending message 112 to peer 0x55c06f4b76b0 (8 bytes)
1688981544.265600 sending message 112 to peer 0x55c06f4b76b0 (8 bytes)
1688981544.265608 sending message 112 to peer 0x55c06f4b76b0 (13 bytes)
1688981544.265617 sending message 112 to peer 0x55c06f4b76b0 (7 bytes)
1688981544.265626 sending message 112 to peer 0x55c06f4b76b0 (7 bytes)
1688981544.265635 sending message 112 to peer 0x55c06f4b76b0 (9 bytes)
1688981544.265644 sending message 112 to peer 0x55c06f4b76b0 (9 bytes)
1688981544.265652 sending message 112 to peer 0x55c06f4b76b0 (15 bytes)
1688981544.265661 sending message 112 to peer 0x55c06f4b76b0 (13 bytes)
1688981544.265670 sending message 112 to peer 0x55c06f4b76b0 (12 bytes)
1688981544.265679 sending message 112 to peer 0x55c06f4b76b0 (8 bytes)
1688981544.265687 sending message 112 to peer 0x55c06f4b76b0 (14 bytes)
1688981544.265696 sending message 112 to peer 0x55c06f4b76b0 (11 bytes)
1688981544.265705 sending message 112 to peer 0x55c06f4b76b0 (9 bytes)
1688981544.265713 sending message 112 to peer 0x55c06f4b76b0 (10 bytes)
1688981544.265722 sending message 112 to peer 0x55c06f4b76b0 (10 bytes)
1688981544.265730 sending message 112 to peer 0x55c06f4b76b0 (10 bytes)
1688981544.265760 sending message 112 to peer 0x55c06f4b76b0 (10 bytes)
1688981544.265770 sending message 112 to peer 0x55c06f4b76b0 (11 bytes)
1688981544.265779 sending message 112 to peer 0x55c06f4b76b0 (12 bytes)
1688981544.265788 sending message 112 to peer 0x55c06f4b76b0 (12 bytes)
1688981544.265797 sending message 112 to peer 0x55c06f4b76b0 (12 bytes)
1688981544.265805 sending message 112 to peer 0x55c06f4b76b0 (12 bytes)
1688981544.265814 sending message 112 to peer 0x55c06f4b76b0 (12 bytes)
1688981544.265823 sending message 112 to peer 0x55c06f4b76b0 (11 bytes)
1688981544.265831 sending message 112 to peer 0x55c06f4b76b0 (11 bytes)
1688981544.265840 sending message 112 to peer 0x55c06f4b76b0 (12 bytes)
1688981544.265849 sending message 112 to peer 0x55c06f4b76b0 (12 bytes)
1688981544.265857 sending message 112 to peer 0x55c06f4b76b0 (12 bytes)
1688981544.265866 sending message 112 to peer 0x55c06f4b76b0 (12 bytes)
1688981544.265874 sending message 112 to peer 0x55c06f4b76b0 (12 bytes)
1688981544.265883 sending message 112 to peer 0x55c06f4b76b0 (9 bytes)
1688981544.265892 sending message 112 to peer 0x55c06f4b76b0 (12 bytes)
1688981544.265901 sending message 112 to peer 0x55c06f4b76b0 (13 bytes)
1688981544.265909 sending message 112 to peer 0x55c06f4b76b0 (13 bytes)
1688981544.265918 sending message 112 to peer 0x55c06f4b76b0 (13 bytes)
1688981544.265927 sending message 112 to peer 0x55c06f4b76b0 (13 bytes)
1688981544.265937 sending message 112 to peer 0x55c06f4b76b0 (13 bytes)
1688981544.265945 sending message 112 to peer 0x55c06f4b76b0 (8 bytes)
1688981544.265981 sending message 112 to peer 0x55c06f4b76b0 (11 bytes)
1688981544.265994 sending message 112 to peer 0x55c06f4b76b0 (11 bytes)
1688981544.266003 sending message 112 to peer 0x55c06f4b76b0 (11 bytes)
1688981544.266012 sending message 112 to peer 0x55c06f4b76b0 (12 bytes)
1688981544.266021 sending message 112 to peer 0x55c06f4b76b0 (12 bytes)
1688981544.266030 sending message 112 to peer 0x55c06f4b76b0 (12 bytes)
1688981544.266038 sending message 112 to peer 0x55c06f4b76b0 (12 bytes)
1688981544.266047 sending message 112 to peer 0x55c06f4b76b0 (13 bytes)
1688981544.266055 sending message 112 to peer 0x55c06f4b76b0 (13 bytes)
1688981544.266065 sending message 112 to peer 0x55c06f4b76b0 (13 bytes)
1688981544.266075 sending message 112 to peer 0x55c06f4b76b0 (8 bytes)
1688981544.266084 sending message 112 to peer 0x55c06f4b76b0 (13 bytes)
1688981544.266093 sending message 112 to peer 0x55c06f4b76b0 (13 bytes)
1688981544.266102 sending message 112 to peer 0x55c06f4b76b0 (13 bytes)
1688981544.266111 sending message 112 to peer 0x55c06f4b76b0 (13 bytes)
1688981544.266119 sending message 112 to peer 0x55c06f4b76b0 (13 bytes)
1688981544.266128 sending message 112 to peer 0x55c06f4b76b0 (12 bytes)
1688981544.266136 sending message 112 to peer 0x55c06f4b76b0 (12 bytes)
1688981544.266145 sending message 112 to peer 0x55c06f4b76b0 (12 bytes)
1688981544.266154 sending message 112 to peer 0x55c06f4b76b0 (12 bytes)
1688981544.266162 sending message 112 to peer 0x55c06f4b76b0 (13 bytes)
1688981544.266171 sending message 112 to peer 0x55c06f4b76b0 (8 bytes)
1688981544.266180 sending message 112 to peer 0x55c06f4b76b0 (13 bytes)
1688981544.266188 sending message 112 to peer 0x55c06f4b76b0 (13 bytes)
1688981544.266197 sending message 112 to peer 0x55c06f4b76b0 (13 bytes)
1688981544.266206 sending message 112 to peer 0x55c06f4b76b0 (13 bytes)
1688981544.266215 sending message 112 to peer 0x55c06f4b76b0 (13 bytes)
1688981544.266223 sending message 112 to peer 0x55c06f4b76b0 (13 bytes)
1688981544.266232 sending message 112 to peer 0x55c06f4b76b0 (13 bytes)
1688981544.266240 sending message 112 to peer 0x55c06f4b76b0 (12 bytes)
1688981544.266248 sending message 112 to peer 0x55c06f4b76b0 (12 bytes)
1688981544.266257 sending message 112 to peer 0x55c06f4b76b0 (12 bytes)
1688981544.266266 sending message 112 to peer 0x55c06f4b76b0 (8 bytes)
1688981544.266274 sending message 112 to peer 0x55c06f4b76b0 (12 bytes)
1688981544.266283 sending message 112 to peer 0x55c06f4b76b0 (13 bytes)
1688981544.266304 sending message 112 to peer 0x55c06f4b76b0 (13 bytes)
1688981544.266313 sending message 112 to peer 0x55c06f4b76b0 (13 bytes)
1688981544.266321 sending message 112 to peer 0x55c06f4b76b0 (13 bytes)
1688981544.266330 sending message 112 to peer 0x55c06f4b76b0 (13 bytes)
1688981544.266338 sending message 112 to peer 0x55c06f4b76b0 (13 bytes)
1688981544.266347 sending message 112 to peer 0x55c06f4b76b0 (13 bytes)
1688981544.266356 sending message 112 to peer 0x55c06f4b76b0 (13 bytes)
1688981544.266365 sending message 112 to peer 0x55c06f4b76b0 (12 bytes)
1688981544.266374 sending message 112 to peer 0x55c06f4b76b0 (10 bytes)
1688981544.266383 sending message 112 to peer 0x55c06f4b76b0 (12 bytes)
1688981544.266391 sending message 112 to peer 0x55c06f4b76b0 (12 bytes)
1688981544.266400 sending message 112 to peer 0x55c06f4b76b0 (12 bytes)
1688981544.266408 sending message 112 to peer 0x55c06f4b76b0 (13 bytes)
1688981544.266417 sending message 112 to peer 0x55c06f4b76b0 (13 bytes)
1688981544.266426 sending message 112 to peer 0x55c06f4b76b0 (13 bytes)
1688981544.266435 sending message 112 to peer 0x55c06f4b76b0 (13 bytes)
1688981544.266443 sending message 112 to peer 0x55c06f4b76b0 (13 bytes)
1688981544.266452 sending message 112 to peer 0x55c06f4b76b0 (13 bytes)
1688981544.266461 sending message 112 to peer 0x55c06f4b76b0 (13 bytes)
1688981544.266469 sending message 112 to peer 0x55c06f4b76b0 (10 bytes)
1688981544.266478 sending message 112 to peer 0x55c06f4b76b0 (13 bytes)
1688981544.266487 sending message 112 to peer 0x55c06f4b76b0 (12 bytes)
1688981544.266496 sending message 112 to peer 0x55c06f4b76b0 (12 bytes)
1688981544.266504 sending message 112 to peer 0x55c06f4b76b0 (12 bytes)
1688981544.266513 sending message 112 to peer 0x55c06f4b76b0 (10 bytes)
1688981544.266522 sending message 112 to peer 0x55c06f4b76b0 (10 bytes)
1688981544.266531 sending message 112 to peer 0x55c06f4b76b0 (10 bytes)
1688981544.266539 sending message 112 to peer 0x55c06f4b76b0 (12 bytes)
1688981544.266548 sending message 112 to peer 0x55c06f4b76b0 (13 bytes)
1688981544.266556 sending message 112 to peer 0x55c06f4b76b0 (13 bytes)
1688981544.266565 sending message 112 to peer 0x55c06f4b76b0 (13 bytes)
1688981544.266574 sending message 112 to peer 0x55c06f4b76b0 (13 bytes)
1688981544.266583 sending message 112 to peer 0x55c06f4b76b0 (13 bytes)
1688981544.266592 sending message 112 to peer 0x55c06f4b76b0 (10 bytes)
1688981544.266601 sending message 112 to peer 0x55c06f4b76b0 (11 bytes)
1688981544.266610 sending message 112 to peer 0x55c06f4b76b0 (12 bytes)
1688981544.266618 sending message 112 to peer 0x55c06f4b76b0 (12 bytes)
1688981544.266626 sending message 112 to peer 0x55c06f4b76b0 (12 bytes)
1688981544.266635 sending message 112 to peer 0x55c06f4b76b0 (12 bytes)
1688981544.266644 sending message 112 to peer 0x55c06f4b76b0 (12 bytes)
1688981544.266652 sending message 112 to peer 0x55c06f4b76b0 (11 bytes)
1688981544.266661 sending message 112 to peer 0x55c06f4b76b0 (12 bytes)
1688981544.266669 sending message 112 to peer 0x55c06f4b76b0 (12 bytes)
1688981544.266678 sending message 112 to peer 0x55c06f4b76b0 (13 bytes)
1688981544.266686 sending message 112 to peer 0x55c06f4b76b0 (13 bytes)
1688981544.266694 sending message 112 to peer 0x55c06f4b76b0 (13 bytes)
1688981544.266703 sending message 112 to peer 0x55c06f4b76b0 (13 bytes)
1688981544.266711 sending message 112 to peer 0x55c06f4b76b0 (13 bytes)
1688981544.266720 sending message 112 to peer 0x55c06f4b76b0 (10 bytes)
1688981544.266728 sending message 112 to peer 0x55c06f4b76b0 (9 bytes)
1688981544.266737 sending message 112 to peer 0x55c06f4b76b0 (12 bytes)
1688981544.266749 sending message 112 to peer 0x55c06f4b76b0 (13 bytes)
1688981544.266762 sending message 112 to peer 0x55c06f4b76b0 (13 bytes)
1688981544.266775 sending message 112 to peer 0x55c06f4b76b0 (13 bytes)
1688981544.266789 sending message 112 to peer 0x55c06f4b76b0 (13 bytes)
1688981544.266802 sending message 112 to peer 0x55c06f4b76b0 (13 bytes)
1688981544.266817 sending message 112 to peer 0x55c06f4b76b0 (9 bytes)
1688981544.266848 sending message 112 to peer 0x55c06f4b76b0 (12 bytes)
1688981544.266859 sending message 112 to peer 0x55c06f4b76b0 (13 bytes)
1688981544.266868 sending message 112 to peer 0x55c06f4b76b0 (13 bytes)
1688981544.266876 sending message 112 to peer 0x55c06f4b76b0 (13 bytes)
1688981544.266885 sending message 112 to peer 0x55c06f4b76b0 (13 bytes)
1688981544.266893 sending message 112 to peer 0x55c06f4b76b0 (13 bytes)
1688981544.266910 sending message 112 to peer 0x55c06f4b76b0 (11 bytes)
1688981544.266919 sending message 112 to peer 0x55c06f4b76b0 (12 bytes)
1688981544.266928 sending message 112 to peer 0x55c06f4b76b0 (13 bytes)
1688981544.266936 sending message 112 to peer 0x55c06f4b76b0 (13 bytes)
1688981544.266944 sending message 112 to peer 0x55c06f4b76b0 (13 bytes)
1688981544.266952 sending message 112 to peer 0x55c06f4b76b0 (13 bytes)
1688981544.266961 sending message 112 to peer 0x55c06f4b76b0 (13 bytes)
1688981544.266969 sending message 112 to peer 0x55c06f4b76b0 (11 bytes)
1688981544.266978 sending message 112 to peer 0x55c06f4b76b0 (12 bytes)
1688981544.266986 sending message 112 to peer 0x55c06f4b76b0 (12 bytes)
1688981544.266994 sending message 112 to peer 0x55c06f4b76b0 (12 bytes)
1688981544.267002 sending message 112 to peer 0x55c06f4b76b0 (12 bytes)
1688981544.267011 sending message 112 to peer 0x55c06f4b76b0 (12 bytes)
1688981544.267019 sending message 112 to peer 0x55c06f4b76b0 (21 bytes)
1688981544.267027 sending message 112 to peer 0x55c06f4b76b0 (12 bytes)
1688981544.267036 sending message 112 to peer 0x55c06f4b76b0 (9 bytes)
1688981544.267048 sending message 112 to peer 0x55c06f4b76b0 (6 bytes)
1688981544.267057 sending message 112 to peer 0x55c06f4b76b0 (13 bytes)
1688981544.267065 sending message 112 to peer 0x55c06f4b76b0 (10 bytes)
1688981544.267074 sending message 112 to peer 0x55c06f4b76b0 (24 bytes)
1688981544.267082 sending message 112 to peer 0x55c06f4b76b0 (13 bytes)
1688981544.267091 sending message 112 to peer 0x55c06f4b76b0 (9 bytes)
1688981544.267099 sending message 112 to peer 0x55c06f4b76b0 (70 bytes)
1688981544.267108 sending message 112 to peer 0x55c06f4b76b0 (69 bytes)
1688981544.267117 sending message 112 to peer 0x55c06f4b76b0 (12 bytes)
1688981544.267125 sending message 112 to peer 0x55c06f4b76b0 (10 bytes)
1688981544.267134 sending message 112 to peer 0x55c06f4b76b0 (10 bytes)
1688981544.267142 sending message 112 to peer 0x55c06f4b76b0 (24 bytes)
1688981544.267150 sending message 112 to peer 0x55c06f4b76b0 (13 bytes)
1688981544.267158 sending message 112 to peer 0x55c06f4b76b0 (10 bytes)
1688981544.267167 sending message 112 to peer 0x55c06f4b76b0 (10 bytes)
1688981544.267175 sending message 112 to peer 0x55c06f4b76b0 (10 bytes)
1688981544.267187 sending message 112 to peer 0x55c06f4b76b0 (13 bytes)
1688981544.267196 sending message 112 to peer 0x55c06f4b76b0 (15 bytes)
1688981544.267204 sending message 112 to peer 0x55c06f4b76b0 (5 bytes)
1688981544.267214 sending message 104 to peer 0x55c06f4b76b0 (0 bytes)
1688981544.267224 sending message 110 to peer 0x55c06f4b76b0 (0 bytes)
1688981544.267233 sending message 107 to peer 0x55c06f4b76b0 (4 bytes)
1688981544.267242 sending message 105 to peer 0x55c06f4b76b0 (46 bytes)
1688981544.267251 sending message 105 to peer 0x55c06f4b76b0 (16 bytes)
1688981544.267259 sending message 105 to peer 0x55c06f4b76b0 (26 bytes)
1688981544.267267 sending message 105 to peer 0x55c06f4b76b0 (20 bytes)
1688981544.267276 sending message 105 to peer 0x55c06f4b76b0 (47 bytes)
1688981544.267285 sending message 105 to peer 0x55c06f4b76b0 (20 bytes)
1688981544.267293 sending message 105 to peer 0x55c06f4b76b0 (17 bytes)
1688981544.267301 sending message 105 to peer 0x55c06f4b76b0 (30 bytes)
1688981544.267309 sending message 105 to peer 0x55c06f4b76b0 (24 bytes)
1688981544.267318 sending message 105 to peer 0x55c06f4b76b0 (15 bytes)
1688981544.267330 sending message 105 to peer 0x55c06f4b76b0 (20 bytes)
1688981544.267339 sending message 105 to peer 0x55c06f4b76b0 (23 bytes)
1688981544.267347 sending message 105 to peer 0x55c06f4b76b0 (21 bytes)
1688981544.267365 sending message 105 to peer 0x55c06f4b76b0 (23 bytes)
1688981544.267373 sending message 105 to peer 0x55c06f4b76b0 (25 bytes)
1688981544.267382 sending message 105 to peer 0x55c06f4b76b0 (30 bytes)
1688981544.267390 sending message 105 to peer 0x55c06f4b76b0 (24 bytes)
1688981544.267398 sending message 105 to peer 0x55c06f4b76b0 (11 bytes)
1688981544.267407 sending message 105 to peer 0x55c06f4b76b0 (20 bytes)
1688981544.267415 sending message 105 to peer 0x55c06f4b76b0 (20 bytes)
1688981544.267424 sending message 105 to peer 0x55c06f4b76b0 (222 bytes)
1688981544.267433 sending message 105 to peer 0x55c06f4b76b0 (45 bytes)
1688981544.267442 sending message 105 to peer 0x55c06f4b76b0 (21 bytes)
1688981544.267450 sending message 105 to peer 0x55c06f4b76b0 (27 bytes)
1688981544.267458 sending message 105 to peer 0x55c06f4b76b0 (61 bytes)
1688981544.267467 sending message 105 to peer 0x55c06f4b76b0 (13 bytes)
1688981544.267480 sending message 105 to peer 0x55c06f4b76b0 (18 bytes)
1688981544.267488 sending message 105 to peer 0x55c06f4b76b0 (17 bytes)
1688981544.267497 sending message 105 to peer 0x55c06f4b76b0 (12 bytes)
1688981544.267506 sending message 105 to peer 0x55c06f4b76b0 (23 bytes)
1688981544.267514 sending message 105 to peer 0x55c06f4b76b0 (38 bytes)
1688981544.267522 sending message 105 to peer 0x55c06f4b76b0 (14 bytes)
1688981544.267531 sending message 105 to peer 0x55c06f4b76b0 (35 bytes)
1688981544.267540 sending message 105 to peer 0x55c06f4b76b0 (65 bytes)
1688981544.267549 sending message 105 to peer 0x55c06f4b76b0 (23 bytes)
1688981544.267557 sending message 105 to peer 0x55c06f4b76b0 (44 bytes)
1688981544.267565 sending message 105 to peer 0x55c06f4b76b0 (18 bytes)
1688981544.267574 sending message 105 to peer 0x55c06f4b76b0 (16 bytes)
1688981544.267582 sending message 105 to peer 0x55c06f4b76b0 (22 bytes)
1688981544.267590 sending message 105 to peer 0x55c06f4b76b0 (26 bytes)
1688981544.267599 sending message 105 to peer 0x55c06f4b76b0 (13 bytes)
1688981544.267616 sending message 105 to peer 0x55c06f4b76b0 (8 bytes)
1688981544.267626 sending message 105 to peer 0x55c06f4b76b0 (11 bytes)
1688981544.267635 sending message 105 to peer 0x55c06f4b76b0 (20 bytes)
1688981544.267643 sending message 105 to peer 0x55c06f4b76b0 (15 bytes)
1688981544.267652 sending message 105 to peer 0x55c06f4b76b0 (11 bytes)
1688981544.267660 sending message 105 to peer 0x55c06f4b76b0 (23 bytes)
1688981544.267668 sending message 105 to peer 0x55c06f4b76b0 (17 bytes)
1688981544.267676 sending message 105 to peer 0x55c06f4b76b0 (18 bytes)
1688981544.267685 sending message 105 to peer 0x55c06f4b76b0 (16 bytes)
1688981544.267693 sending message 105 to peer 0x55c06f4b76b0 (31 bytes)
1688981544.267702 sending message 105 to peer 0x55c06f4b76b0 (49 bytes)
1688981544.267710 sending message 106 to peer 0x55c06f4b76b0 (0 bytes)
1688981544.267729 sending message 200 to peer 0x55c06f4b76b0 (4 bytes)
1688981544.267739 client loop enter
1688981544.268866 peer 0x55c06f4b76b0 message 303
1688981544.268886 open write file 2 -
1688981544.268906 sending message 305 to peer 0x55c06f4b76b0 (8 bytes)
1688981544.268927 write check file 2
1688981544.269313 peer 0x55c06f4b76b0 message 304
1688981544.269340 write 58 to file 2
1688981544.269354 peer 0x55c06f4b76b0 message 203
1688981544.269363 file 2 58 bytes left
1688981544.269402 write check file 2
1688981544.269417 client loop exit
